<?xml version="1.0" encoding="UTF-8"?>
<!-- Generated by org.testng.reporters.JUnitXMLReporter -->
<testsuite ignored="0" hostname="DESKTOP-NOVPNQK" failures="0" tests="2" name="Test" time="0.038" errors="0" timestamp="13 Mar 2019 07:17:45 GMT">
  <testcase classname="com.daiva.pages.BaseClass" name="@BeforeClass setUp" time="0.0">
    <failure type="org.testng.TestNGException" message="
Can inject only one of &amp;lt;ITestContext, XmlTest&amp;gt; into a @BeforeClass annotated setUp.
For more information on native dependency injection please refer to http://testng.org/doc/documentation-main.html#native-dependency-injection">
      <![CDATA[org.testng.TestNGException: 
Can inject only one of <ITestContext, XmlTest> into a @BeforeClass annotated setUp.
For more information on native dependency injection please refer to http://testng.org/doc/documentation-main.html#native-dependency-injection
... Removed 23 stack frames]]>
    </failure>
  </testcase> <!-- @BeforeClass setUp -->
  <testcase classname="com.daiva.pages.BaseClass" name="@AfterMethod tearDownMethod" time="0.0">
    <skipped/>
  </testcase> <!-- @AfterMethod tearDownMethod -->
  <testcase classname="com.daiva.pages.BaseClass" name="@AfterMethod tearDownMethod" time="0.0">
    <skipped/>
  </testcase> <!-- @AfterMethod tearDownMethod -->
  <testcase classname="com.daiva.pages.BaseClass" name="@AfterClass tearDown" time="0.0">
    <skipped/>
  </testcase> <!-- @AfterClass tearDown -->
  <testcase classname="come.daiva.testcases.LoginTestDaiva" name="loginApp" time="0.0">
    <skipped/>
  </testcase> <!-- loginApp -->
  <testcase classname="come.daiva.testcases.LoginTestDaiva" name="logOutApp" time="0.0">
    <skipped/>
  </testcase> <!-- logOutApp -->
</testsuite> <!-- Test -->
