<?xml version="1.0" encoding="UTF-8"?>
<testng-results ignored="0" total="2" passed="2" failed="0" skipped="0">
  <reporter-output>
    <line>
      <![CDATA[Initialising reports and test is getting ready]]>
    </line>
    <line>
      <![CDATA[Test initialisation completed and test can be started]]>
    </line>
    <line>
      <![CDATA[Trying to start browser and getting application ready]]>
    </line>
    <line>
      <![CDATA[Browser and application is up and running]]>
    </line>
    <line>
      <![CDATA[Test is above to end]]>
    </line>
    <line>
      <![CDATA[Test completed and report generated]]>
    </line>
    <line>
      <![CDATA[Test is above to end]]>
    </line>
    <line>
      <![CDATA[Test completed and report generated]]>
    </line>
  </reporter-output>
  <suite started-at="2019-03-13T08:22:19Z" name="Default suite" finished-at="2019-03-13T08:22:32Z" duration-ms="12738">
    <groups>
    </groups>
    <test started-at="2019-03-13T08:22:19Z" name="Default test" finished-at="2019-03-13T08:22:32Z" duration-ms="12738">
      <class name="come.daiva.testcases.LoginTestDaiva">
        <test-method is-config="true" signature="setUpSuit()[pri:0, instance:come.daiva.testcases.LoginTestDaiva@21b2e768]" started-at="2019-03-13T08:22:18Z" name="setUpSuit" finished-at="2019-03-13T08:22:19Z" duration-ms="843" status="PASS">
          <reporter-output>
            <line>
              <![CDATA[Initialising reports and test is getting ready]]>
            </line>
            <line>
              <![CDATA[Test initialisation completed and test can be started]]>
            </line>
          </reporter-output>
        </test-method> <!-- setUpSuit -->
        <test-method is-config="true" signature="setUp()[pri:0, instance:come.daiva.testcases.LoginTestDaiva@21b2e768]" started-at="2019-03-13T08:22:19Z" name="setUp" finished-at="2019-03-13T08:22:27Z" duration-ms="7850" status="PASS">
          <reporter-output>
            <line>
              <![CDATA[Trying to start browser and getting application ready]]>
            </line>
            <line>
              <![CDATA[Browser and application is up and running]]>
            </line>
          </reporter-output>
        </test-method> <!-- setUp -->
        <test-method signature="loginApp()[pri:1, instance:come.daiva.testcases.LoginTestDaiva@21b2e768]" started-at="2019-03-13T08:22:27Z" name="loginApp" finished-at="2019-03-13T08:22:29Z" duration-ms="2473" status="PASS">
          <reporter-output>
          </reporter-output>
        </test-method> <!-- loginApp -->
        <test-method is-config="true" signature="tearDownMethod(org.testng.ITestResult)[pri:0, instance:come.daiva.testcases.LoginTestDaiva@21b2e768]" started-at="2019-03-13T08:22:29Z" name="tearDownMethod" finished-at="2019-03-13T08:22:30Z" duration-ms="719" status="PASS">
          <params>
            <param index="0">
              <value>
                <![CDATA[[TestResult name=loginApp status=SUCCESS method=LoginTestDaiva.loginApp()[pri:1, instance:come.daiva.testcases.LoginTestDaiva@21b2e768] output={null}]]]>
              </value>
            </param>
          </params>
          <reporter-output>
            <line>
              <![CDATA[Test is above to end]]>
            </line>
            <line>
              <![CDATA[Test completed and report generated]]>
            </line>
          </reporter-output>
        </test-method> <!-- tearDownMethod -->
        <test-method signature="logOutApp()[pri:2, instance:come.daiva.testcases.LoginTestDaiva@21b2e768]" started-at="2019-03-13T08:22:30Z" name="logOutApp" finished-at="2019-03-13T08:22:30Z" duration-ms="4" status="PASS">
          <reporter-output>
          </reporter-output>
        </test-method> <!-- logOutApp -->
        <test-method is-config="true" signature="tearDownMethod(org.testng.ITestResult)[pri:0, instance:come.daiva.testcases.LoginTestDaiva@21b2e768]" started-at="2019-03-13T08:22:30Z" name="tearDownMethod" finished-at="2019-03-13T08:22:30Z" duration-ms="558" status="PASS">
          <params>
            <param index="0">
              <value>
                <![CDATA[[TestResult name=logOutApp status=SUCCESS method=LoginTestDaiva.logOutApp()[pri:2, instance:come.daiva.testcases.LoginTestDaiva@21b2e768] output={null}]]]>
              </value>
            </param>
          </params>
          <reporter-output>
            <line>
              <![CDATA[Test is above to end]]>
            </line>
            <line>
              <![CDATA[Test completed and report generated]]>
            </line>
          </reporter-output>
        </test-method> <!-- tearDownMethod -->
        <test-method is-config="true" signature="tearDown()[pri:0, instance:come.daiva.testcases.LoginTestDaiva@21b2e768]" started-at="2019-03-13T08:22:30Z" name="tearDown" finished-at="2019-03-13T08:22:32Z" duration-ms="1103" status="PASS">
          <reporter-output>
          </reporter-output>
        </test-method> <!-- tearDown -->
      </class> <!-- come.daiva.testcases.LoginTestDaiva -->
    </test> <!-- Default test -->
  </suite> <!-- Default suite -->
</testng-results>
